2019-05-07 23:19:15.419  INFO 8828 --- [main] t.n.s.SimpleWebdiskApplication           : Starting SimpleWebdiskApplication on DESKTOP-MVCMN60 with PID 8828 (D:\gitZone\simple-webdisk\out\production\classes started by nintha in D:\gitZone\simple-webdisk)
2019-05-07 23:19:15.433  INFO 8828 --- [main] t.n.s.SimpleWebdiskApplication           : No active profile set, falling back to default profiles: default
2019-05-07 23:19:15.949  INFO 8828 --- [main] .s.d.r.c.RepositoryConfigurationDelegate : Bootstrapping Spring Data repositories in DEFAULT mode.
2019-05-07 23:19:15.986  INFO 8828 --- [main] .s.d.r.c.RepositoryConfigurationDelegate : Finished Spring Data repository scanning in 33ms. Found 1 repository interfaces.
2019-05-07 23:19:16.462  INFO 8828 --- [main] o.s.b.w.embedded.tomcat.TomcatWebServer  : Tomcat initialized with port(s): 8080 (http)
2019-05-07 23:19:16.480  INFO 8828 --- [main] o.apache.catalina.core.StandardService   : Starting service [Tomcat]
2019-05-07 23:19:16.480  INFO 8828 --- [main] org.apache.catalina.core.StandardEngine  : Starting Servlet engine: [Apache Tomcat/9.0.17]
2019-05-07 23:19:16.554  INFO 8828 --- [main] o.a.c.c.C.[Tomcat].[localhost].[/]       : Initializing Spring embedded WebApplicationContext
2019-05-07 23:19:16.555  INFO 8828 --- [main] o.s.web.context.ContextLoader            : Root WebApplicationContext: initialization completed in 1082 ms
2019-05-07 23:19:17.036  INFO 8828 --- [main] org.mongodb.driver.cluster               : Cluster created with settings {hosts=[localhost:27017], mode=SINGLE, requiredClusterType=UNKNOWN, serverSelectionTimeout='30000 ms', maxWaitQueueSize=500}
2019-05-07 23:19:17.067  INFO 8828 --- [cluster-ClusterId{value='5cd1a1f5275409227ceb31c1', description='null'}-localhost:27017] org.mongodb.driver.connection            : Opened connection [connectionId{localValue:1, serverValue:11}] to localhost:27017
2019-05-07 23:19:17.072  INFO 8828 --- [cluster-ClusterId{value='5cd1a1f5275409227ceb31c1', description='null'}-localhost:27017] org.mongodb.driver.cluster               : Monitor thread successfully connected to server with description ServerDescription{address=localhost:27017, type=STANDALONE, state=CONNECTED, ok=true, version=ServerVersion{versionList=[4, 0, 1]}, minWireVersion=0, maxWireVersion=7, maxDocumentSize=16777216, logicalSessionTimeoutMinutes=30, roundTripTimeNanos=1635600}
2019-05-07 23:19:17.448  INFO 8828 --- [main] pertySourcedRequestMappingHandlerMapping : Mapped URL path [/v2/api-docs] onto method [public org.springframework.http.ResponseEntity<springfox.documentation.spring.web.json.Json> springfox.documentation.swagger2.web.Swagger2Controller.getDocumentation(java.lang.String,javax.servlet.http.HttpServletRequest)]
2019-05-07 23:19:17.536  INFO 8828 --- [main] o.s.s.concurrent.ThreadPoolTaskExecutor  : Initializing ExecutorService 'applicationTaskExecutor'
2019-05-07 23:19:17.620  INFO 8828 --- [main] d.s.w.p.DocumentationPluginsBootstrapper : Context refreshed
2019-05-07 23:19:17.633  INFO 8828 --- [main] d.s.w.p.DocumentationPluginsBootstrapper : Found 1 custom documentation plugin(s)
2019-05-07 23:19:17.655  INFO 8828 --- [main] s.d.s.w.s.ApiListingReferenceScanner     : Scanning for api listing references
2019-05-07 23:19:17.827  INFO 8828 --- [main] o.s.b.w.embedded.tomcat.TomcatWebServer  : Tomcat started on port(s): 8080 (http) with context path ''
2019-05-07 23:19:17.829  INFO 8828 --- [main] t.n.s.SimpleWebdiskApplication           : Started SimpleWebdiskApplication in 2.741 seconds (JVM running for 4.218)
2019-05-07 23:23:33.144  INFO 8828 --- [Thread-2] o.s.s.concurrent.ThreadPoolTaskExecutor  : Shutting down ExecutorService 'applicationTaskExecutor'
