2019-05-07 22:20:37.490  INFO 7668 --- [main] t.n.s.SimpleWebdiskApplication           : Starting SimpleWebdiskApplication on DESKTOP-MVCMN60 with PID 7668 (D:\gitZone\simple-webdisk\out\production\classes started by nintha in D:\gitZone\simple-webdisk)
2019-05-07 22:20:37.492  INFO 7668 --- [main] t.n.s.SimpleWebdiskApplication           : No active profile set, falling back to default profiles: default
2019-05-07 22:20:37.941  INFO 7668 --- [main] .s.d.r.c.RepositoryConfigurationDelegate : Bootstrapping Spring Data repositories in DEFAULT mode.
2019-05-07 22:20:37.975  INFO 7668 --- [main] .s.d.r.c.RepositoryConfigurationDelegate : Finished Spring Data repository scanning in 30ms. Found 1 repository interfaces.
2019-05-07 22:20:38.441  INFO 7668 --- [main] o.s.b.w.embedded.tomcat.TomcatWebServer  : Tomcat initialized with port(s): 8080 (http)
2019-05-07 22:20:38.460  INFO 7668 --- [main] o.apache.catalina.core.StandardService   : Starting service [Tomcat]
2019-05-07 22:20:38.461  INFO 7668 --- [main] org.apache.catalina.core.StandardEngine  : Starting Servlet engine: [Apache Tomcat/9.0.17]
2019-05-07 22:20:38.538  INFO 7668 --- [main] o.a.c.c.C.[Tomcat].[localhost].[/]       : Initializing Spring embedded WebApplicationContext
2019-05-07 22:20:38.539  INFO 7668 --- [main] o.s.web.context.ContextLoader            : Root WebApplicationContext: initialization completed in 1015 ms
2019-05-07 22:20:39.040  INFO 7668 --- [main] org.mongodb.driver.cluster               : Cluster created with settings {hosts=[localhost:27017], mode=SINGLE, requiredClusterType=UNKNOWN, serverSelectionTimeout='30000 ms', maxWaitQueueSize=500}
2019-05-07 22:20:39.075  INFO 7668 --- [cluster-ClusterId{value='5cd194372754091df4553f2a', description='null'}-localhost:27017] org.mongodb.driver.connection            : Opened connection [connectionId{localValue:1, serverValue:10}] to localhost:27017
2019-05-07 22:20:39.079  INFO 7668 --- [cluster-ClusterId{value='5cd194372754091df4553f2a', description='null'}-localhost:27017] org.mongodb.driver.cluster               : Monitor thread successfully connected to server with description ServerDescription{address=localhost:27017, type=STANDALONE, state=CONNECTED, ok=true, version=ServerVersion{versionList=[4, 0, 1]}, minWireVersion=0, maxWireVersion=7, maxDocumentSize=16777216, logicalSessionTimeoutMinutes=30, roundTripTimeNanos=1644100}
2019-05-07 22:20:39.480  INFO 7668 --- [main] pertySourcedRequestMappingHandlerMapping : Mapped URL path [/v2/api-docs] onto method [public org.springframework.http.ResponseEntity<springfox.documentation.spring.web.json.Json> springfox.documentation.swagger2.web.Swagger2Controller.getDocumentation(java.lang.String,javax.servlet.http.HttpServletRequest)]
2019-05-07 22:20:39.574  INFO 7668 --- [main] o.s.s.concurrent.ThreadPoolTaskExecutor  : Initializing ExecutorService 'applicationTaskExecutor'
2019-05-07 22:20:39.690  INFO 7668 --- [main] d.s.w.p.DocumentationPluginsBootstrapper : Context refreshed
2019-05-07 22:20:39.704  INFO 7668 --- [main] d.s.w.p.DocumentationPluginsBootstrapper : Found 1 custom documentation plugin(s)
2019-05-07 22:20:39.734  INFO 7668 --- [main] s.d.s.w.s.ApiListingReferenceScanner     : Scanning for api listing references
2019-05-07 22:20:39.919  INFO 7668 --- [main] o.s.b.w.embedded.tomcat.TomcatWebServer  : Tomcat started on port(s): 8080 (http) with context path ''
2019-05-07 22:20:39.922  INFO 7668 --- [main] t.n.s.SimpleWebdiskApplication           : Started SimpleWebdiskApplication in 2.719 seconds (JVM running for 3.441)
2019-05-07 22:21:37.523  INFO 7668 --- [http-nio-8080-exec-1] o.a.c.c.C.[Tomcat].[localhost].[/]       : Initializing Spring DispatcherServlet 'dispatcherServlet'
2019-05-07 22:21:37.523  INFO 7668 --- [http-nio-8080-exec-1] o.s.web.servlet.DispatcherServlet        : Initializing Servlet 'dispatcherServlet'
2019-05-07 22:21:37.530  INFO 7668 --- [http-nio-8080-exec-1] o.s.web.servlet.DispatcherServlet        : Completed initialization in 7 ms
2019-05-07 22:22:12.659  INFO 7668 --- [Thread-2] o.s.s.concurrent.ThreadPoolTaskExecutor  : Shutting down ExecutorService 'applicationTaskExecutor'
